#
# There is insufficient memory for the Java Runtime Environment to continue.
# Native memory allocation (malloc) failed to allocate 311856 bytes for Chunk::new
# Possible reasons:
#   The system is out of physical RAM or swap space
#   In 32 bit mode, the process size limit was hit
# Possible solutions:
#   Reduce memory load on the system
#   Increase physical memory or swap space
#   Check if swap backing store is full
#   Use 64 bit Java on a 64 bit OS
#   Decrease Java heap size (-Xmx/-Xms)
#   Decrease number of Java threads
#   Decrease Java thread stack sizes (-Xss)
#   Set larger code cache with -XX:ReservedCodeCacheSize=
# This output file may be truncated or incomplete.
#
#  Out of Memory Error (allocation.cpp:390), pid=27760, tid=0x0000000000008dfc
#
# JRE version: Java(TM) SE Runtime Environment (8.0_191-b12) (build 1.8.0_191-b12)
# Java VM: Java HotSpot(TM) 64-Bit Server VM (25.191-b12 mixed mode windows-amd64 compressed oops)
# Failed to write core dump. Minidumps are not enabled by default on client versions of Windows
#

---------------  T H R E A D  ---------------

Current thread (0x0000000017507800):  JavaThread "C2 CompilerThread0" daemon [_thread_in_native, id=36348, stack(0x0000000018b50000,0x0000000018c50000)]

Stack: [0x0000000018b50000,0x0000000018c50000]
[error occurred during error reporting (printing stack bounds), id 0xc0000005]

Native frames: (J=compiled Java code, j=interpreted, Vv=VM code, C=native code)


Current CompileTask:
C2:   2160 2273       4       org.codehaus.plexus.util.xml.Xpp3Dom::<init> (125 bytes)


---------------  P R O C E S S  ---------------

Java Threads: ( => current thread )
  0x000000001759c000 JavaThread "Service Thread" daemon [_thread_blocked, id=10464, stack(0x0000000018f50000,0x0000000019050000)]
  0x0000000017511800 JavaThread "C1 CompilerThread3" daemon [_thread_in_native, id=37900, stack(0x0000000018e50000,0x0000000018f50000)]
  0x0000000017511000 JavaThread "C2 CompilerThread2" daemon [_thread_in_native, id=15924, stack(0x0000000018d50000,0x0000000018e50000)]
  0x000000001750f800 JavaThread "C2 CompilerThread1" daemon [_thread_in_native, id=34708, stack(0x0000000018c50000,0x0000000018d50000)]
=>0x0000000017507800 JavaThread "C2 CompilerThread0" daemon [_thread_in_native, id=36348, stack(0x0000000018b50000,0x0000000018c50000)]
  0x0000000017505800 JavaThread "Attach Listener" daemon [_thread_blocked, id=36488, stack(0x0000000018a50000,0x0000000018b50000)]
  0x0000000017502000 JavaThread "Signal Dispatcher" daemon [_thread_blocked, id=33552, stack(0x0000000018950000,0x0000000018a50000)]
  0x00000000030fb000 JavaThread "Finalizer" daemon [_thread_blocked, id=11872, stack(0x0000000018750000,0x0000000018850000)]
  0x00000000174f3000 JavaThread "Reference Handler" daemon [_thread_blocked, id=34768, stack(0x0000000018650000,0x0000000018750000)]
  0x0000000003002800 JavaThread "main" [_thread_in_Java, id=34140, stack(0x0000000002ef0000,0x0000000002ff0000)]

Other Threads:
  0x00000000174d2800 VMThread [stack: 0x0000000018550000,0x0000000018650000] [id=22132]
  0x00000000175af000 WatcherThread [stack: 0x0000000019050000,0x0000000019150000] [id=38548]

VM state:not at safepoint (normal execution)

VM Mutex/Monitor currently owned by a thread: None

Heap:
 PSYoungGen      total 152576K, used 125905K [0x00000000eab00000, 0x00000000f5500000, 0x0000000100000000)
  eden space 131072K, 96% used [0x00000000eab00000,0x00000000f25f4538,0x00000000f2b00000)
  from space 21504K, 0% used [0x00000000f4000000,0x00000000f4000000,0x00000000f5500000)
  to   space 21504K, 0% used [0x00000000f2b00000,0x00000000f2b00000,0x00000000f4000000)
 ParOldGen       total 348160K, used 0K [0x00000000c0000000, 0x00000000d5400000, 0x00000000eab00000)
  object space 348160K, 0% used [0x00000000c0000000,0x00000000c0000000,0x00000000d5400000)
 Metaspace       used 15546K, capacity 15758K, committed 15872K, reserved 1062912K
  class space    used 1858K, capacity 1973K, committed 2048K, reserved 1048576K

Card table byte_map: [0x00000000124c0000,0x00000000126d0000] byte_map_base: 0x0000000011ec0000

Marking Bits: (ParMarkBitMap*) 0x0000000056cc3e30
 Begin Bits: [0x0000000013230000, 0x0000000014230000)
 End Bits:   [0x0000000014230000, 0x0000000015230000)

Polling page: 0x0000000001110000

CodeCache: size=245760Kb used=7733Kb max_used=7733Kb free=238026Kb
 bounds [0x0000000003100000, 0x00000000038a0000, 0x0000000012100000]
 total_blobs=2646 nmethods=2275 adapters=283
 compilation: enabled

Compilation events (10 events):
Event: 2.151 Thread 0x0000000017511800 nmethod 2282 0x0000000003872d50 code [0x0000000003872f00, 0x0000000003873498]
Event: 2.151 Thread 0x0000000017511800 2283       1       org.eclipse.aether.resolution.ArtifactDescriptorResult::getManagedDependencies (5 bytes)
Event: 2.151 Thread 0x0000000017511800 nmethod 2283 0x0000000003872a90 code [0x0000000003872be0, 0x0000000003872cf0]
Event: 2.151 Thread 0x0000000017511800 2284       1       org.eclipse.aether.resolution.ArtifactDescriptorResult::getRepositories (5 bytes)
Event: 2.151 Thread 0x0000000017511800 nmethod 2284 0x00000000038727d0 code [0x0000000003872920, 0x0000000003872a30]
Event: 2.152 Thread 0x0000000017511800 2285       3       java.util.regex.Pattern::escape (1151 bytes)
Event: 2.158 Thread 0x0000000017511800 nmethod 2285 0x0000000003881ed0 code [0x00000000038828a0, 0x0000000003889348]
Event: 2.158 Thread 0x0000000017511800 2286   !   3       org.apache.maven.model.profile.DefaultProfileSelector::isActive (187 bytes)
Event: 2.159 Thread 0x0000000017511800 nmethod 2286 0x000000000388cfd0 code [0x000000000388d2e0, 0x000000000388ea18]
Event: 2.159 Thread 0x0000000017511800 2287       3       java.util.regex.Pattern::atom (379 bytes)

GC Heap History (0 events):
No events

Deoptimization events (10 events):
Event: 1.898 Thread 0x0000000003002800 Uncommon trap: reason=unstable_if action=reinterpret pc=0x0000000003455f84 method=sun.nio.cs.UTF_8$Decoder.decode([BII[C)I @ 30
Event: 1.941 Thread 0x0000000003002800 Uncommon trap: reason=null_check action=make_not_entrant pc=0x00000000037189a4 method=org.apache.maven.model.io.xpp3.MavenXpp3Reader.checkFieldWithDuplicate(Lorg/codehaus/plexus/util/xml/pull/XmlPullParser;Ljava/lang/String;Ljava/lang/String;Ljava/util/Se
Event: 2.005 Thread 0x0000000003002800 Uncommon trap: reason=unstable_if action=reinterpret pc=0x00000000036e4874 method=org.codehaus.plexus.util.xml.pull.MXParser.nextImpl()I @ 972
Event: 2.016 Thread 0x0000000003002800 Uncommon trap: reason=predicate action=maybe_recompile pc=0x0000000003407310 method=java.nio.charset.CharsetDecoder.decode(Ljava/nio/ByteBuffer;Ljava/nio/CharBuffer;Z)Ljava/nio/charset/CoderResult; @ 54
Event: 2.019 Thread 0x0000000003002800 Uncommon trap: reason=class_check action=maybe_recompile pc=0x00000000037164b8 method=java.util.regex.Pattern$7.isSatisfiedBy(I)Z @ 16
Event: 2.019 Thread 0x0000000003002800 Uncommon trap: reason=class_check action=maybe_recompile pc=0x00000000037164b8 method=java.util.regex.Pattern$7.isSatisfiedBy(I)Z @ 16
Event: 2.019 Thread 0x0000000003002800 Uncommon trap: reason=class_check action=maybe_recompile pc=0x00000000037164b8 method=java.util.regex.Pattern$7.isSatisfiedBy(I)Z @ 16
Event: 2.019 Thread 0x0000000003002800 Uncommon trap: reason=class_check action=maybe_recompile pc=0x00000000037164b8 method=java.util.regex.Pattern$7.isSatisfiedBy(I)Z @ 16
Event: 2.037 Thread 0x0000000003002800 Uncommon trap: reason=unstable_if action=reinterpret pc=0x00000000036de1a0 method=java.lang.String.trim()Ljava/lang/String; @ 63
Event: 2.037 Thread 0x0000000003002800 Uncommon trap: reason=unstable_if action=reinterpret pc=0x000000000349c190 method=java.lang.String.regionMatches(ZILjava/lang/String;II)Z @ 25

Classes redefined (0 events):
No events

Internal exceptions (10 events):
Event: 1.682 Thread 0x0000000003002800 Exception <a 'java/lang/NoClassDefFoundError'> (0x00000000ef59f2b8) thrown at [C:\re\workspace\8-2-build-windows-amd64-cygwin\jdk8u191\11896\hotspot\src\share\vm\prims\jvm.cpp, line 1439]
Event: 1.682 Thread 0x0000000003002800 Exception <a 'java/lang/NoClassDefFoundError': javax/annotation/Priority> (0x00000000ef5a62f8) thrown at [C:\re\workspace\8-2-build-windows-amd64-cygwin\jdk8u191\11896\hotspot\src\share\vm\classfile\systemDictionary.cpp, line 199]
Event: 1.736 Thread 0x0000000003002800 Implicit null exception at 0x00000000032b3798 to 0x00000000032b3951
Event: 1.769 Thread 0x0000000003002800 Exception <a 'java/lang/NullPointerException'> (0x00000000efa9e048) thrown at [C:\re\workspace\8-2-build-windows-amd64-cygwin\jdk8u191\11896\hotspot\src\share\vm\interpreter\linkResolver.cpp, line 1185]
Event: 1.769 Thread 0x0000000003002800 Exception <a 'java/lang/NullPointerException'> (0x00000000efa9e260) thrown at [C:\re\workspace\8-2-build-windows-amd64-cygwin\jdk8u191\11896\hotspot\src\share\vm\interpreter\linkResolver.cpp, line 1185]
Event: 1.769 Thread 0x0000000003002800 Exception <a 'java/lang/NullPointerException'> (0x00000000efa9e478) thrown at [C:\re\workspace\8-2-build-windows-amd64-cygwin\jdk8u191\11896\hotspot\src\share\vm\interpreter\linkResolver.cpp, line 1185]
Event: 1.769 Thread 0x0000000003002800 Exception <a 'java/lang/NullPointerException'> (0x00000000efaa7778) thrown at [C:\re\workspace\8-2-build-windows-amd64-cygwin\jdk8u191\11896\hotspot\src\share\vm\interpreter\linkResolver.cpp, line 1185]
Event: 1.769 Thread 0x0000000003002800 Exception <a 'java/lang/NullPointerException'> (0x00000000efaa7990) thrown at [C:\re\workspace\8-2-build-windows-amd64-cygwin\jdk8u191\11896\hotspot\src\share\vm\interpreter\linkResolver.cpp, line 1185]
Event: 1.769 Thread 0x0000000003002800 Exception <a 'java/lang/NullPointerException'> (0x00000000efaa7ba8) thrown at [C:\re\workspace\8-2-build-windows-amd64-cygwin\jdk8u191\11896\hotspot\src\share\vm\interpreter\linkResolver.cpp, line 1185]
Event: 1.941 Thread 0x0000000003002800 Implicit null exception at 0x000000000371770e to 0x000000000371898d

Events (10 events):
Event: 2.037 Thread 0x0000000003002800 DEOPT PACKING pc=0x000000000349c190 sp=0x0000000002fec580
Event: 2.037 Thread 0x0000000003002800 DEOPT UNPACKING pc=0x000000000314583b sp=0x0000000002fec508 mode 2
Event: 2.121 Thread 0x0000000003002800 DEOPT PACKING pc=0x00000000036e21e2 sp=0x0000000002feca00
Event: 2.121 Thread 0x0000000003002800 DEOPT UNPACKING pc=0x0000000003147890 sp=0x0000000002fec798 mode 0
Event: 2.125 Thread 0x0000000003002800 DEOPT PACKING pc=0x00000000036e21e2 sp=0x0000000002fec7c0
Event: 2.125 Thread 0x0000000003002800 DEOPT UNPACKING pc=0x0000000003147890 sp=0x0000000002fec558 mode 0
Event: 2.126 Thread 0x0000000003002800 DEOPT PACKING pc=0x000000000382ba7c sp=0x0000000002fec200
Event: 2.126 Thread 0x0000000003002800 DEOPT UNPACKING pc=0x0000000003147890 sp=0x0000000002fec018 mode 0
Event: 2.127 Thread 0x0000000003002800 DEOPT PACKING pc=0x000000000382ba7c sp=0x0000000002febea0
Event: 2.127 Thread 0x0000000003002800 DEOPT UNPACKING pc=0x0000000003147890 sp=0x0000000002febcb8 mode 0


Dynamic libraries:
0x00007ff7c7420000 - 0x00007ff7c7457000 	C:\Java\jdk1.8.0_191\bin\javaw.exe
0x00007ffa87be0000 - 0x00007ffa87dd0000 	C:\WINDOWS\SYSTEM32\ntdll.dll
0x00007ffa86640000 - 0x00007ffa866f2000 	C:\WINDOWS\System32\KERNEL32.DLL
0x00007ffa85990000 - 0x00007ffa85c34000 	C:\WINDOWS\System32\KERNELBASE.dll
0x00007ffa85ef0000 - 0x00007ffa85f93000 	C:\WINDOWS\System32\ADVAPI32.dll
0x00007ffa86730000 - 0x00007ffa867ce000 	C:\WINDOWS\System32\msvcrt.dll
0x00007ffa874e0000 - 0x00007ffa87577000 	C:\WINDOWS\System32\sechost.dll
0x00007ffa86910000 - 0x00007ffa86a30000 	C:\WINDOWS\System32\RPCRT4.dll
0x00007ffa86000000 - 0x00007ffa86194000 	C:\WINDOWS\System32\USER32.dll
0x00007ffa85690000 - 0x00007ffa856b1000 	C:\WINDOWS\System32\win32u.dll
0x00007ffa86700000 - 0x00007ffa86726000 	C:\WINDOWS\System32\GDI32.dll
0x00007ffa84ce0000 - 0x00007ffa84e76000 	C:\WINDOWS\System32\gdi32full.dll
0x00007ffa84b60000 - 0x00007ffa84bfe000 	C:\WINDOWS\System32\msvcp_win.dll
0x00007ffa85890000 - 0x00007ffa8598a000 	C:\WINDOWS\System32\ucrtbase.dll
0x00007ffa70130000 - 0x00007ffa703b4000 	C:\WINDOWS\WinSxS\amd64_microsoft.windows.common-controls_6595b64144ccf1df_6.0.18362.959_none_e6c7bbbf130c62bb\COMCTL32.dll
0x00007ffa861a0000 - 0x00007ffa864d5000 	C:\WINDOWS\System32\combase.dll
0x00007ffa84e80000 - 0x00007ffa84f00000 	C:\WINDOWS\System32\bcryptPrimitives.dll
0x00007ffa873c0000 - 0x00007ffa873ee000 	C:\WINDOWS\System32\IMM32.DLL
0x0000000058620000 - 0x00000000586f2000 	C:\Java\jdk1.8.0_191\jre\bin\msvcr100.dll
0x00000000564a0000 - 0x0000000056d44000 	C:\Java\jdk1.8.0_191\jre\bin\server\jvm.dll
0x00007ffa87a50000 - 0x00007ffa87a58000 	C:\WINDOWS\System32\PSAPI.DLL
0x00007ffa66330000 - 0x00007ffa66339000 	C:\WINDOWS\SYSTEM32\WSOCK32.dll
0x00007ffa7d6a0000 - 0x00007ffa7d6c4000 	C:\WINDOWS\SYSTEM32\WINMM.dll
0x00007ffa79540000 - 0x00007ffa7954a000 	C:\WINDOWS\SYSTEM32\VERSION.dll
0x00007ffa868a0000 - 0x00007ffa8690f000 	C:\WINDOWS\System32\WS2_32.dll
0x00007ffa7d670000 - 0x00007ffa7d69d000 	C:\WINDOWS\SYSTEM32\WINMMBASE.dll
0x00007ffa85c40000 - 0x00007ffa85c8a000 	C:\WINDOWS\System32\cfgmgr32.dll
0x0000000058a40000 - 0x0000000058a4f000 	C:\Java\jdk1.8.0_191\jre\bin\verify.dll
0x00000000588e0000 - 0x0000000058909000 	C:\Java\jdk1.8.0_191\jre\bin\java.dll
0x00000000588c0000 - 0x00000000588d6000 	C:\Java\jdk1.8.0_191\jre\bin\zip.dll
0x00007ffa86ae0000 - 0x00007ffa871c6000 	C:\WINDOWS\System32\SHELL32.dll
0x00007ffa85e40000 - 0x00007ffa85ee9000 	C:\WINDOWS\System32\shcore.dll
0x00007ffa84f00000 - 0x00007ffa85682000 	C:\WINDOWS\System32\windows.storage.dll
0x00007ffa84af0000 - 0x00007ffa84b13000 	C:\WINDOWS\System32\profapi.dll
0x00007ffa84aa0000 - 0x00007ffa84aea000 	C:\WINDOWS\System32\powrprof.dll
0x00007ffa84a90000 - 0x00007ffa84aa0000 	C:\WINDOWS\System32\UMPDC.dll
0x00007ffa87580000 - 0x00007ffa875d2000 	C:\WINDOWS\System32\shlwapi.dll
0x00007ffa84b20000 - 0x00007ffa84b31000 	C:\WINDOWS\System32\kernel.appcore.dll
0x00007ffa85870000 - 0x00007ffa85887000 	C:\WINDOWS\System32\cryptsp.dll
0x00007ffa83dd0000 - 0x00007ffa83e03000 	C:\WINDOWS\system32\rsaenh.dll
0x00007ffa84cb0000 - 0x00007ffa84cd6000 	C:\WINDOWS\System32\bcrypt.dll
0x00007ffa84980000 - 0x00007ffa849a5000 	C:\WINDOWS\SYSTEM32\USERENV.dll
0x00007ffa843d0000 - 0x00007ffa843dc000 	C:\WINDOWS\SYSTEM32\CRYPTBASE.dll
0x00000000588a0000 - 0x00000000588ba000 	C:\Java\jdk1.8.0_191\jre\bin\net.dll
0x00007ffa84250000 - 0x00007ffa842b7000 	C:\WINDOWS\system32\mswsock.dll
0x00007ffa83f70000 - 0x00007ffa83faa000 	C:\WINDOWS\SYSTEM32\IPHLPAPI.DLL
0x00007ffa871d0000 - 0x00007ffa871d8000 	C:\WINDOWS\System32\NSI.dll
0x00007ffa78340000 - 0x00007ffa78356000 	C:\WINDOWS\SYSTEM32\dhcpcsvc6.DLL
0x00007ffa78320000 - 0x00007ffa7833c000 	C:\WINDOWS\SYSTEM32\dhcpcsvc.DLL
0x00007ffa83fb0000 - 0x00007ffa8407b000 	C:\WINDOWS\SYSTEM32\DNSAPI.dll
0x0000000058880000 - 0x0000000058891000 	C:\Java\jdk1.8.0_191\jre\bin\nio.dll
0x00007ffa7a680000 - 0x00007ffa7a68a000 	C:\Users\Dell\AppData\Local\Temp\jansi-1.17.1-4184130574143057903.dll
0x00007ffa78d80000 - 0x00007ffa78d8a000 	C:\Users\Dell\AppData\Local\Temp\jansi-1.17.1-3449718433794215922.dll

VM Arguments:
jvm_args: -Dmaven.home=EMBEDDED -Dclassworlds.conf=C:\Users\Dell\eclipse-workspaceNew\.metadata\.plugins\org.eclipse.m2e.launching\launches\m2conf6101001442982780314.tmp -Dmaven.multiModuleProjectDirectory=C:\Users\Dell\eclipse-workspaceNew\AppiumTestingProject -Dfile.encoding=Cp1252 -Xmx1024M 
java_command: org.codehaus.plexus.classworlds.launcher.Launcher -B clean install -DskipTests=true -Dmaven.test.failure.ignore=true
java_class_path (initial): C:\Users\Dell\.p2\pool\plugins\org.eclipse.m2e.maven.runtime_1.15.0.20200310-1832\jars\plexus-classworlds-2.6.0.jar
Launcher Type: SUN_STANDARD

Environment Variables:
JAVA_HOME=C:\Java\jdk1.8.0_191
_JAVA_OPTIONS=-Xmx1024M
CLASSPATH=.;C:\PROGRA~1\IBM\SQLLIB\java\db2java.zip;C:\PROGRA~1\IBM\SQLLIB\java\db2jcc4.jar;C:\PROGRA~1\IBM\SQLLIB\java\sqlj4.zip;C:\PROGRA~1\IBM\SQLLIB\java\DB2JCC~1.JAR;C:\PROGRA~1\IBM\SQLLIB\BIN;C:\PROGRA~1\IBM\SQLLIB\java\Common.jar
PATH=C:/Program Files/Java/jre1.8.0_251/bin/server;C:/Program Files/Java/jre1.8.0_251/bin;C:/Program Files/Java/jre1.8.0_251/lib/amd64;D:\Oracle11G\Oracle\product\11.2.0\dbhome_1\bin;C:\Program Files (x86)\Common Files\Oracle\Java\javapath;C:\WINDOWS\system32;C:\WINDOWS;C:\WINDOWS\System32\Wbem;C:\WINDOWS\System32\WindowsPowerShell\v1.0\;C:\WINDOWS\System32\OpenSSH\;C:\Java\jdk1.8.0_191\bin;C:\ANT\bin;C:\Program Files\MongoDB\Server\3.6\bin;C:\Program Files\PuTTY\;C:\Program Files\Git\cmd;D:\Vijay\Android\platform-tools_r30.0.1-windows\;D:\Vijay\Android\platform-tools_r30.0.1-windows\platform-tools\;C:\Users\Dell\AppData\Local\Programs\Python\Python38\;C:\Users\Dell\AppData\Local\Programs\Python\Python38\Scripts\;C:\Program Files\Amazon\AWSCLIV2\;D:\Vijay\IBorg\Appium\yarn\bin\;C:\Program Files\ibm\gsk8\lib64;C:\Program Files (x86)\ibm\gsk8\lib;C:\PROGRA~1\IBM\SQLLIB\BIN;C:\PROGRA~1\IBM\SQLLIB\FUNCTION;C:\PROGRA~1\IBM\SQLLIB\SAMPLES\REPL;C:\Program Files\nodejs\;C:\Program Files\dotnet\;C:\Program Files\Docker\Docker\resources\bin;C:\ProgramData\DockerDesktop\version-bin;D:\Setup Softwares\apache-maven-3.6.3\bin;C:\Program Files\MySQL\MySQL Shell 8.0\bin\;C:\Users\Dell\AppData\Local\Microsoft\WindowsApps;C:\Program Files\MongoDB\Server\3.6\bin;C:\Java\jdk1.8.0_191\bin;C:\Program Files\7-Zip;C:\Users\Dell\AppData\Local\Yarn\bin;C:\Users\Dell\AppData\Roaming\npm;C:\Users\Dell\.dotnet\tools;C:\Users\Dell\AppData\Local\Programs\Microsoft VS Code\bin;C:\WINDOWS\system32;
USERNAME=Dell
LD_LIBRARY_PATH=D:\Oracle11G\Oracle\product\11.2.0\dbhome_1\LIB
OS=Windows_NT
PROCESSOR_IDENTIFIER=Intel64 Family 6 Model 158 Stepping 10, GenuineIntel



---------------  S Y S T E M  ---------------

OS: Windows 10.0 , 64 bit Build 18362 (10.0.18362.959)

CPU:total 12 (initial active 12) (6 cores per cpu, 2 threads per core) family 6 model 158 stepping 10, cmov, cx8, fxsr, mmx, sse, sse2, sse3, ssse3, sse4.1, sse4.2, popcnt, avx, avx2, aes, clmul, erms, rtm, 3dnowpref, lzcnt, ht, tsc, tscinvbit, bmi1, bmi2, adx

Memory: 4k page, physical 33325048k(12296900k free), swap 66442216k(5156k free)

vm_info: Java HotSpot(TM) 64-Bit Server VM (25.191-b12) for windows-amd64 JRE (1.8.0_191-b12), built on Oct  6 2018 09:29:03 by "java_re" with MS VC++ 10.0 (VS2010)

time: Mon Aug 10 20:40:21 2020
elapsed time: 2 seconds (0d 0h 0m 2s)

